<?xml version="1.0" encoding="UTF-8"?>
<!-- Generated by org.testng.reporters.JUnitXMLReporter -->
<testsuite hostname="anaumenko" ignored="2" name="Test" tests="3" failures="0" timestamp="20 Mar 2017 08:56:35 GMT" time="12.738" errors="0">
  <testcase name="@BeforeMethod login" time="12.719" classname="com.tklender.test.tkTestUserPage">
    <failure type="org.openqa.selenium.NoSuchElementException" message="no such element: Unable to locate element: {&amp;quot;method&amp;quot;:&amp;quot;link text&amp;quot;,&amp;quot;selector&amp;quot;:&amp;quot;Log off&amp;quot;}
  (Session info: chrome=56.0.2924.87)
  (Driver info: chromedriver=2.27.440174 (e97a722caafc2d3a8b807ee115bfb307f7d2cfd9),platform=Windows NT 6.1.7601 SP1 x86_64) (WARNING: The server did not provide any stacktrace information)
Command duration or timeout: 10.06 seconds
For documentation on this error, please visit: http://seleniumhq.org/exceptions/no_such_element.html
Build info: version: &amp;apos;2.31.0&amp;apos;, revision: &amp;apos;1bd294d185a80fa4206dfeab80ba773c04ac33c0&amp;apos;, time: &amp;apos;2013-02-27 13:51:26&amp;apos;
System info: os.name: &amp;apos;Windows 7&amp;apos;, os.arch: &amp;apos;amd64&amp;apos;, os.version: &amp;apos;6.1&amp;apos;, java.version: &amp;apos;1.8.0_112&amp;apos;
Driver info: org.openqa.selenium.chrome.ChromeDriver
Capabilities [{applicationCacheEnabled=false, rotatable=false, mobileEmulationEnabled=false, networkConnectionEnabled=false, chrome={chromedriverVersion=2.27.440174 (e97a722caafc2d3a8b807ee115bfb307f7d2cfd9), userDataDir=C:\Windows\TEMP\scoped_dir1048_9014}, takesHeapSnapshot=true, pageLoadStrategy=normal, databaseEnabled=false, handlesAlerts=true, hasTouchScreen=false, version=56.0.2924.87, platform=XP, browserConnectionEnabled=false, nativeEvents=true, acceptSslCerts=true, locationContextEnabled=true, webStorageEnabled=true, browserName=chrome, takesScreenshot=true, javascriptEnabled=true, cssSelectorsEnabled=true, unexpectedAlertBehaviour=}]
Session ID: 6c2283ceea3b09c8407e34941b671bdd">
      <![CDATA[org.openqa.selenium.NoSuchElementException: no such element: Unable to locate element: {"method":"link text","selector":"Log off"}
  (Session info: chrome=56.0.2924.87)
  (Driver info: chromedriver=2.27.440174 (e97a722caafc2d3a8b807ee115bfb307f7d2cfd9),platform=Windows NT 6.1.7601 SP1 x86_64) (WARNING: The server did not provide any stacktrace information)
Command duration or timeout: 10.06 seconds
For documentation on this error, please visit: http://seleniumhq.org/exceptions/no_such_element.html
Build info: version: '2.31.0', revision: '1bd294d185a80fa4206dfeab80ba773c04ac33c0', time: '2013-02-27 13:51:26'
System info: os.name: 'Windows 7', os.arch: 'amd64', os.version: '6.1', java.version: '1.8.0_112'
Driver info: org.openqa.selenium.chrome.ChromeDriver
Capabilities [{applicationCacheEnabled=false, rotatable=false, mobileEmulationEnabled=false, networkConnectionEnabled=false, chrome={chromedriverVersion=2.27.440174 (e97a722caafc2d3a8b807ee115bfb307f7d2cfd9), userDataDir=C:\Windows\TEMP\scoped_dir1048_9014}, takesHeapSnapshot=true, pageLoadStrategy=normal, databaseEnabled=false, handlesAlerts=true, hasTouchScreen=false, version=56.0.2924.87, platform=XP, browserConnectionEnabled=false, nativeEvents=true, acceptSslCerts=true, locationContextEnabled=true, webStorageEnabled=true, browserName=chrome, takesScreenshot=true, javascriptEnabled=true, cssSelectorsEnabled=true, unexpectedAlertBehaviour=}]
Session ID: 6c2283ceea3b09c8407e34941b671bdd
	at org.openqa.selenium.remote.ErrorHandler.createThrowable(ErrorHandler.java:187)
	at org.openqa.selenium.remote.ErrorHandler.throwIfResponseFailed(ErrorHandler.java:145)
	at org.openqa.selenium.remote.RemoteWebDriver.execute(RemoteWebDriver.java:554)
	at org.openqa.selenium.remote.RemoteWebDriver.findElement(RemoteWebDriver.java:307)
	at org.openqa.selenium.remote.RemoteWebDriver.findElementByLinkText(RemoteWebDriver.java:356)
	at org.openqa.selenium.By$ByLinkText.findElement(By.java:241)
	at org.openqa.selenium.remote.RemoteWebDriver.findElement(RemoteWebDriver.java:299)
	at org.openqa.selenium.support.pagefactory.DefaultElementLocator.findElement(DefaultElementLocator.java:59)
	at org.openqa.selenium.support.pagefactory.internal.LocatingElementHandler.invoke(LocatingElementHandler.java:34)
	at com.sun.proxy.$Proxy8.isDisplayed(Unknown Source)
	at com.tklender.pages.Page.isElementPresent(Page.java:28)
	at com.tklender.pages.BackFirstPage.isLoggedIn(BackFirstPage.java:39)
	at com.tklender.test.tkTestUserPage.login(tkTestUserPage.java:31)
... Removed 40 stack frames]]>
    </failure>
  </testcase> <!-- @BeforeMethod login -->
  <testcase name="@BeforeMethod login" time="0.0" classname="com.tklender.test.tkTestUserPage">
    <skipped/>
  </testcase> <!-- @BeforeMethod login -->
  <testcase name="@BeforeMethod login" time="0.0" classname="com.tklender.test.tkTestUserPage">
    <skipped/>
  </testcase> <!-- @BeforeMethod login -->
  <testcase name="testCreateUser" time="0.0" classname="com.tklender.test.tkTestUserPage">
    <skipped/>
  </testcase> <!-- testCreateUser -->
  <testcase name="testEditUser" time="0.0" classname="com.tklender.test.tkTestUserPage">
    <skipped/>
  </testcase> <!-- testEditUser -->
  <testcase name="testDeleteUser" time="0.0" classname="com.tklender.test.tkTestUserPage">
    <skipped/>
  </testcase> <!-- testDeleteUser -->
  <testcase name="@BeforeSuite setUpBeforeSuite" time="0.0" classname="com.tklender.test.BasicTestCase">
    <ignored/>
  </testcase> <!-- @BeforeSuite setUpBeforeSuite -->
  <testcase name="@AfterSuite tearDownAfterSuite" time="0.0" classname="com.tklender.test.BasicTestCase">
    <ignored/>
  </testcase> <!-- @AfterSuite tearDownAfterSuite -->
</testsuite> <!-- Test -->
